<?xml version="1.0" encoding="UTF-8"?>
<testng-results ignored="0" total="2" passed="2" failed="0" skipped="0">
  <reporter-output>
  </reporter-output>
  <suite started-at="2023-11-12T13:17:08 IST" name="Suite" finished-at="2023-11-12T13:17:15 IST" duration-ms="7591">
    <groups>
      <group name="Master">
        <method signature="TC_001_AccountRegistrationTest.test_Account_Registration()[pri:0, instance:testCases.TC_001_AccountRegistrationTest@31fa1761]" name="test_Account_Registration" class="testCases.TC_001_AccountRegistrationTest"/>
        <method signature="TC_001_AccountRegistrationTest.test_Account_Registration()[pri:0, instance:testCases.TC_001_AccountRegistrationTest@534a5a98]" name="test_Account_Registration" class="testCases.TC_001_AccountRegistrationTest"/>
      </group> <!-- Master -->
      <group name="Regression">
        <method signature="TC_001_AccountRegistrationTest.test_Account_Registration()[pri:0, instance:testCases.TC_001_AccountRegistrationTest@31fa1761]" name="test_Account_Registration" class="testCases.TC_001_AccountRegistrationTest"/>
        <method signature="TC_001_AccountRegistrationTest.test_Account_Registration()[pri:0, instance:testCases.TC_001_AccountRegistrationTest@534a5a98]" name="test_Account_Registration" class="testCases.TC_001_AccountRegistrationTest"/>
      </group> <!-- Regression -->
    </groups>
    <test started-at="2023-11-12T13:17:08 IST" name="ChromeTest" finished-at="2023-11-12T13:17:14 IST" duration-ms="6271">
      <class name="testCases.TC_001_AccountRegistrationTest">
        <test-method is-config="true" signature="setup(java.lang.String)[pri:0, instance:testCases.TC_001_AccountRegistrationTest@31fa1761]" started-at="2023-11-12T13:17:08 IST" name="setup" finished-at="2023-11-12T13:17:12 IST" duration-ms="4216" status="PASS">
          <params>
            <param index="0">
              <value>
                <![CDATA[chrome]]>
              </value>
            </param>
          </params>
          <reporter-output>
          </reporter-output>
        </test-method> <!-- setup -->
        <test-method signature="test_Account_Registration()[pri:0, instance:testCases.TC_001_AccountRegistrationTest@31fa1761]" started-at="2023-11-12T13:17:12 IST" name="test_Account_Registration" finished-at="2023-11-12T13:17:14 IST" duration-ms="1689" status="PASS">
          <reporter-output>
          </reporter-output>
        </test-method> <!-- test_Account_Registration -->
        <test-method is-config="true" signature="tearDown()[pri:0, instance:testCases.TC_001_AccountRegistrationTest@31fa1761]" started-at="2023-11-12T13:17:14 IST" name="tearDown" finished-at="2023-11-12T13:17:14 IST" duration-ms="131" status="PASS">
          <reporter-output>
          </reporter-output>
        </test-method> <!-- tearDown -->
      </class> <!-- testCases.TC_001_AccountRegistrationTest -->
    </test> <!-- ChromeTest -->
    <test started-at="2023-11-12T13:17:08 IST" name="EdgeTest" finished-at="2023-11-12T13:17:15 IST" duration-ms="7591">
      <class name="testCases.TC_001_AccountRegistrationTest">
        <test-method is-config="true" signature="setup(java.lang.String)[pri:0, instance:testCases.TC_001_AccountRegistrationTest@534a5a98]" started-at="2023-11-12T13:17:08 IST" name="setup" finished-at="2023-11-12T13:17:12 IST" duration-ms="4195" status="PASS">
          <params>
            <param index="0">
              <value>
                <![CDATA[edge]]>
              </value>
            </param>
          </params>
          <reporter-output>
          </reporter-output>
        </test-method> <!-- setup -->
        <test-method signature="test_Account_Registration()[pri:0, instance:testCases.TC_001_AccountRegistrationTest@534a5a98]" started-at="2023-11-12T13:17:12 IST" name="test_Account_Registration" finished-at="2023-11-12T13:17:15 IST" duration-ms="2788" status="PASS">
          <reporter-output>
          </reporter-output>
        </test-method> <!-- test_Account_Registration -->
        <test-method is-config="true" signature="tearDown()[pri:0, instance:testCases.TC_001_AccountRegistrationTest@534a5a98]" started-at="2023-11-12T13:17:15 IST" name="tearDown" finished-at="2023-11-12T13:17:15 IST" duration-ms="196" status="PASS">
          <reporter-output>
          </reporter-output>
        </test-method> <!-- tearDown -->
      </class> <!-- testCases.TC_001_AccountRegistrationTest -->
    </test> <!-- EdgeTest -->
  </suite> <!-- Suite -->
</testng-results>
